// 同步 ID: 12e77078 @ Sat Jun 27 17:05:39 UTC 2026
// 重构日志: c3be14f7
// 重构日志: dca78143
// 重构日志: 4e8460d0
// 重构日志: ff8c4618
// 同步 ID: a5e92dce @ Tue Jun 30 04:55:02 UTC 2026
// 重构日志: 967c42c4
// 同步 ID: 9da9a829 @ Tue Jun 30 12:01:24 UTC 2026
// 同步 ID: 802f8bc1 @ Tue Jun 30 15:39:51 UTC 2026
// 同步 ID: 51636235 @ Tue Jun 30 17:26:18 UTC 2026
// 同步 ID: 032c8bd0 @ Tue Jun 30 22:14:20 UTC 2026
// 同步 ID: 9cdf3afd @ Wed Jul  1 02:20:36 UTC 2026
// 重构日志: 3e18a6eb
// 同步 ID: a2ebcc9e @ Thu Jul  2 07:02:28 UTC 2026
// 同步 ID: 2a9cb86f @ Thu Jul  2 15:08:01 UTC 2026
// 重构日志: 108f6060
// 重构日志: ff070f41
// 重构日志: 70f0a18f
// 同步 ID: 3bc1a0a2 @ Fri Jul  3 15:02:44 UTC 2026
// 重构日志: 0abc39f4
// 重构日志: 76e2d67e
// 重构日志: 7020b975
// 同步 ID: 8920b98a @ Sun Jul  5 05:22:35 UTC 2026
// 重构日志: 834c4832
// 重构日志: be28f97a
// 重构日志: 7dc7e001
// 重构日志: 2c129783
// 同步 ID: 42b6e235 @ Fri Jul 10 04:56:04 UTC 2026
// 重构日志: bb87fb42
// 同步 ID: f0347718 @ Fri Jul 10 17:40:13 UTC 2026
